ERROR - 2022-07-07 02:24:57 --> Column 'id' cannot be null
CRITICAL - 2022-07-07 02:24:57 --> Column 'id' cannot be null
in SYSTEMPATH\Database\MySQLi\Connection.php on line 292.
 1 SYSTEMPATH\Database\MySQLi\Connection.php(292): mysqli->query('INSERT INTO `warga` (`id`, `nik`, `nama`, `kelamin`, `alamat`, `no_rumah`, `status`) VALUES (NULL, \'3120010131\', \'Oktovan Agung Shailendra\', \'L\', \'Cikarang\', \'22\', \'1\')', 0)
 2 SYSTEMPATH\Database\BaseConnection.php(678): CodeIgniter\Database\MySQLi\Connection->execute('INSERT INTO `warga` (`id`, `nik`, `nama`, `kelamin`, `alamat`, `no_rumah`, `status`) VALUES (NULL, \'3120010131\', \'Oktovan Agung Shailendra\', \'L\', \'Cikarang\', \'22\', \'1\')')
 3 SYSTEMPATH\Database\BaseConnection.php(606): CodeIgniter\Database\BaseConnection->simpleQuery('INSERT INTO `warga` (`id`, `nik`, `nama`, `kelamin`, `alamat`, `no_rumah`, `status`) VALUES (NULL, \'3120010131\', \'Oktovan Agung Shailendra\', \'L\', \'Cikarang\', \'22\', \'1\')')
 4 SYSTEMPATH\Database\BaseBuilder.php(1904): CodeIgniter\Database\BaseConnection->query('INSERT INTO `warga` (`id`, `nik`, `nama`, `kelamin`, `alamat`, `no_rumah`, `status`) VALUES (:id:, :nik:, :nama:, :kelamin:, :alamat:, :no_rumah:, :status:)', [...], false)
 5 APPPATH\Models\Warga_model.php(21): CodeIgniter\Database\BaseBuilder->insert([...])
 6 APPPATH\Controllers\Warga.php(38): App\Models\Warga_model->saveWarga([...])
 7 SYSTEMPATH\CodeIgniter.php(898): App\Controllers\Warga->add()
 8 SYSTEMPATH\CodeIgniter.php(468): CodeIgniter\CodeIgniter->runController(Object(App\Controllers\Warga))
 9 SYSTEMPATH\CodeIgniter.php(351): CodeIgniter\CodeIgniter->handleRequest(null, Object(Config\Cache), false)
10 FCPATH\index.php(55): CodeIgniter\CodeIgniter->run()
11 SYSTEMPATH\Commands\Server\rewrite.php(43): require_once('FCPATH\\index.php')
ERROR - 2022-07-07 02:29:13 --> Unknown column 'bulan' in 'field list'
CRITICAL - 2022-07-07 02:29:13 --> Unknown column 'bulan' in 'field list'
in SYSTEMPATH\Database\MySQLi\Connection.php on line 292.
 1 SYSTEMPATH\Database\MySQLi\Connection.php(292): mysqli->query('INSERT INTO `iuran` (`keterangan`, `tanggal`, `bulan`, `tahun`, `jumlah`, `warga_nik`) VALUES (\'Iuran Kas\', \'2022-07-07\', \'7\', \'2022\', \'50000000\', \'312010158\')', 0)
 2 SYSTEMPATH\Database\BaseConnection.php(678): CodeIgniter\Database\MySQLi\Connection->execute('INSERT INTO `iuran` (`keterangan`, `tanggal`, `bulan`, `tahun`, `jumlah`, `warga_nik`) VALUES (\'Iuran Kas\', \'2022-07-07\', \'7\', \'2022\', \'50000000\', \'312010158\')')
 3 SYSTEMPATH\Database\BaseConnection.php(606): CodeIgniter\Database\BaseConnection->simpleQuery('INSERT INTO `iuran` (`keterangan`, `tanggal`, `bulan`, `tahun`, `jumlah`, `warga_nik`) VALUES (\'Iuran Kas\', \'2022-07-07\', \'7\', \'2022\', \'50000000\', \'312010158\')')
 4 SYSTEMPATH\Database\BaseBuilder.php(1904): CodeIgniter\Database\BaseConnection->query('INSERT INTO `iuran` (`keterangan`, `tanggal`, `bulan`, `tahun`, `jumlah`, `warga_nik`) VALUES (:keterangan:, :tanggal:, :bulan:, :tahun:, :jumlah:, :warga_nik:)', [...], false)
 5 APPPATH\Models\Iuran_model.php(28): CodeIgniter\Database\BaseBuilder->insert([...])
 6 APPPATH\Controllers\Iuran.php(40): App\Models\Iuran_model->saveIuran([...])
 7 SYSTEMPATH\CodeIgniter.php(898): App\Controllers\Iuran->add()
 8 SYSTEMPATH\CodeIgniter.php(468): CodeIgniter\CodeIgniter->runController(Object(App\Controllers\Iuran))
 9 SYSTEMPATH\CodeIgniter.php(351): CodeIgniter\CodeIgniter->handleRequest(null, Object(Config\Cache), false)
10 FCPATH\index.php(55): CodeIgniter\CodeIgniter->run()
11 SYSTEMPATH\Commands\Server\rewrite.php(43): require_once('FCPATH\\index.php')
ERROR - 2022-07-07 02:29:29 --> Unknown column 'bulan' in 'field list'
CRITICAL - 2022-07-07 02:29:29 --> Unknown column 'bulan' in 'field list'
in SYSTEMPATH\Database\MySQLi\Connection.php on line 292.
 1 SYSTEMPATH\Database\MySQLi\Connection.php(292): mysqli->query('INSERT INTO `iuran` (`keterangan`, `tanggal`, `bulan`, `tahun`, `jumlah`, `warga_nik`) VALUES (\'Iuran Kas\', \'2022-07-07\', \'2\', \'2022\', \'50000000\', \'312010158\')', 0)
 2 SYSTEMPATH\Database\BaseConnection.php(678): CodeIgniter\Database\MySQLi\Connection->execute('INSERT INTO `iuran` (`keterangan`, `tanggal`, `bulan`, `tahun`, `jumlah`, `warga_nik`) VALUES (\'Iuran Kas\', \'2022-07-07\', \'2\', \'2022\', \'50000000\', \'312010158\')')
 3 SYSTEMPATH\Database\BaseConnection.php(606): CodeIgniter\Database\BaseConnection->simpleQuery('INSERT INTO `iuran` (`keterangan`, `tanggal`, `bulan`, `tahun`, `jumlah`, `warga_nik`) VALUES (\'Iuran Kas\', \'2022-07-07\', \'2\', \'2022\', \'50000000\', \'312010158\')')
 4 SYSTEMPATH\Database\BaseBuilder.php(1904): CodeIgniter\Database\BaseConnection->query('INSERT INTO `iuran` (`keterangan`, `tanggal`, `bulan`, `tahun`, `jumlah`, `warga_nik`) VALUES (:keterangan:, :tanggal:, :bulan:, :tahun:, :jumlah:, :warga_nik:)', [...], false)
 5 APPPATH\Models\Iuran_model.php(28): CodeIgniter\Database\BaseBuilder->insert([...])
 6 APPPATH\Controllers\Iuran.php(40): App\Models\Iuran_model->saveIuran([...])
 7 SYSTEMPATH\CodeIgniter.php(898): App\Controllers\Iuran->add()
 8 SYSTEMPATH\CodeIgniter.php(468): CodeIgniter\CodeIgniter->runController(Object(App\Controllers\Iuran))
 9 SYSTEMPATH\CodeIgniter.php(351): CodeIgniter\CodeIgniter->handleRequest(null, Object(Config\Cache), false)
10 FCPATH\index.php(55): CodeIgniter\CodeIgniter->run()
11 SYSTEMPATH\Commands\Server\rewrite.php(43): require_once('FCPATH\\index.php')
ERROR - 2022-07-07 02:29:49 --> Unknown column 'bulan' in 'field list'
CRITICAL - 2022-07-07 02:29:49 --> Unknown column 'bulan' in 'field list'
in SYSTEMPATH\Database\MySQLi\Connection.php on line 292.
 1 SYSTEMPATH\Database\MySQLi\Connection.php(292): mysqli->query('INSERT INTO `iuran` (`keterangan`, `tanggal`, `bulan`, `tahun`, `jumlah`, `warga_nik`) VALUES (\'Iuran Kas\', \'2022-07-07\', \'2\', \'2022\', \'50000000\', \'312010158\')', 0)
 2 SYSTEMPATH\Database\BaseConnection.php(678): CodeIgniter\Database\MySQLi\Connection->execute('INSERT INTO `iuran` (`keterangan`, `tanggal`, `bulan`, `tahun`, `jumlah`, `warga_nik`) VALUES (\'Iuran Kas\', \'2022-07-07\', \'2\', \'2022\', \'50000000\', \'312010158\')')
 3 SYSTEMPATH\Database\BaseConnection.php(606): CodeIgniter\Database\BaseConnection->simpleQuery('INSERT INTO `iuran` (`keterangan`, `tanggal`, `bulan`, `tahun`, `jumlah`, `warga_nik`) VALUES (\'Iuran Kas\', \'2022-07-07\', \'2\', \'2022\', \'50000000\', \'312010158\')')
 4 SYSTEMPATH\Database\BaseBuilder.php(1904): CodeIgniter\Database\BaseConnection->query('INSERT INTO `iuran` (`keterangan`, `tanggal`, `bulan`, `tahun`, `jumlah`, `warga_nik`) VALUES (:keterangan:, :tanggal:, :bulan:, :tahun:, :jumlah:, :warga_nik:)', [...], false)
 5 APPPATH\Models\Iuran_model.php(28): CodeIgniter\Database\BaseBuilder->insert([...])
 6 APPPATH\Controllers\Iuran.php(40): App\Models\Iuran_model->saveIuran([...])
 7 SYSTEMPATH\CodeIgniter.php(898): App\Controllers\Iuran->add()
 8 SYSTEMPATH\CodeIgniter.php(468): CodeIgniter\CodeIgniter->runController(Object(App\Controllers\Iuran))
 9 SYSTEMPATH\CodeIgniter.php(351): CodeIgniter\CodeIgniter->handleRequest(null, Object(Config\Cache), false)
10 FCPATH\index.php(55): CodeIgniter\CodeIgniter->run()
11 SYSTEMPATH\Commands\Server\rewrite.php(43): require_once('FCPATH\\index.php')
ERROR - 2022-07-07 02:30:29 --> Unknown column 'bulan' in 'field list'
CRITICAL - 2022-07-07 02:30:29 --> Unknown column 'bulan' in 'field list'
in SYSTEMPATH\Database\MySQLi\Connection.php on line 292.
 1 SYSTEMPATH\Database\MySQLi\Connection.php(292): mysqli->query('INSERT INTO `iuran` (`keterangan`, `tanggal`, `bulan`, `tahun`, `jumlah`, `warga_nik`) VALUES (\'Iuran Kas\', \'2022-07-07\', \'2\', \'2022\', \'50000000\', \'312010158\')', 0)
 2 SYSTEMPATH\Database\BaseConnection.php(678): CodeIgniter\Database\MySQLi\Connection->execute('INSERT INTO `iuran` (`keterangan`, `tanggal`, `bulan`, `tahun`, `jumlah`, `warga_nik`) VALUES (\'Iuran Kas\', \'2022-07-07\', \'2\', \'2022\', \'50000000\', \'312010158\')')
 3 SYSTEMPATH\Database\BaseConnection.php(606): CodeIgniter\Database\BaseConnection->simpleQuery('INSERT INTO `iuran` (`keterangan`, `tanggal`, `bulan`, `tahun`, `jumlah`, `warga_nik`) VALUES (\'Iuran Kas\', \'2022-07-07\', \'2\', \'2022\', \'50000000\', \'312010158\')')
 4 SYSTEMPATH\Database\BaseBuilder.php(1904): CodeIgniter\Database\BaseConnection->query('INSERT INTO `iuran` (`keterangan`, `tanggal`, `bulan`, `tahun`, `jumlah`, `warga_nik`) VALUES (:keterangan:, :tanggal:, :bulan:, :tahun:, :jumlah:, :warga_nik:)', [...], false)
 5 APPPATH\Models\Iuran_model.php(28): CodeIgniter\Database\BaseBuilder->insert([...])
 6 APPPATH\Controllers\Iuran.php(40): App\Models\Iuran_model->saveIuran([...])
 7 SYSTEMPATH\CodeIgniter.php(898): App\Controllers\Iuran->add()
 8 SYSTEMPATH\CodeIgniter.php(468): CodeIgniter\CodeIgniter->runController(Object(App\Controllers\Iuran))
 9 SYSTEMPATH\CodeIgniter.php(351): CodeIgniter\CodeIgniter->handleRequest(null, Object(Config\Cache), false)
10 FCPATH\index.php(55): CodeIgniter\CodeIgniter->run()
11 SYSTEMPATH\Commands\Server\rewrite.php(43): require_once('FCPATH\\index.php')
ERROR - 2022-07-07 02:30:42 --> Unknown column 'bulan' in 'field list'
CRITICAL - 2022-07-07 02:30:42 --> Unknown column 'bulan' in 'field list'
in SYSTEMPATH\Database\MySQLi\Connection.php on line 292.
 1 SYSTEMPATH\Database\MySQLi\Connection.php(292): mysqli->query('INSERT INTO `iuran` (`keterangan`, `tanggal`, `bulan`, `tahun`, `jumlah`, `warga_nik`) VALUES (\'Iuran Kas\', \'2022-07-07\', NULL, \'2022\', \'50000000\', \'312010158\')', 0)
 2 SYSTEMPATH\Database\BaseConnection.php(678): CodeIgniter\Database\MySQLi\Connection->execute('INSERT INTO `iuran` (`keterangan`, `tanggal`, `bulan`, `tahun`, `jumlah`, `warga_nik`) VALUES (\'Iuran Kas\', \'2022-07-07\', NULL, \'2022\', \'50000000\', \'312010158\')')
 3 SYSTEMPATH\Database\BaseConnection.php(606): CodeIgniter\Database\BaseConnection->simpleQuery('INSERT INTO `iuran` (`keterangan`, `tanggal`, `bulan`, `tahun`, `jumlah`, `warga_nik`) VALUES (\'Iuran Kas\', \'2022-07-07\', NULL, \'2022\', \'50000000\', \'312010158\')')
 4 SYSTEMPATH\Database\BaseBuilder.php(1904): CodeIgniter\Database\BaseConnection->query('INSERT INTO `iuran` (`keterangan`, `tanggal`, `bulan`, `tahun`, `jumlah`, `warga_nik`) VALUES (:keterangan:, :tanggal:, :bulan:, :tahun:, :jumlah:, :warga_nik:)', [...], false)
 5 APPPATH\Models\Iuran_model.php(28): CodeIgniter\Database\BaseBuilder->insert([...])
 6 APPPATH\Controllers\Iuran.php(40): App\Models\Iuran_model->saveIuran([...])
 7 SYSTEMPATH\CodeIgniter.php(898): App\Controllers\Iuran->add()
 8 SYSTEMPATH\CodeIgniter.php(468): CodeIgniter\CodeIgniter->runController(Object(App\Controllers\Iuran))
 9 SYSTEMPATH\CodeIgniter.php(351): CodeIgniter\CodeIgniter->handleRequest(null, Object(Config\Cache), false)
10 FCPATH\index.php(55): CodeIgniter\CodeIgniter->run()
11 SYSTEMPATH\Commands\Server\rewrite.php(43): require_once('FCPATH\\index.php')
